<?xml version="1.0" encoding="UTF-8"?>
<!-- Generated by org.testng.reporters.JUnitXMLReporter -->
<testsuite ignored="0" hostname="Varun" failures="0" tests="1" name="Test1" time="0.17" errors="0" timestamp="2022-03-03T16:45:55 IST">
  <testcase classname="com.crm.GenericLibrary.BaseClass" name="@BeforeTest launchTheBrowser" time="0.079">
    <failure type="org.openqa.selenium.WebDriverException" message="Cannot find firefox binary in PATH. Make sure firefox is installed. OS appears to be: WIN10
Build info: version: &amp;apos;3.141.59&amp;apos;, revision: &amp;apos;e82be7d358&amp;apos;, time: &amp;apos;2018-11-14T08:17:03&amp;apos;
System info: host: &amp;apos;VARUN&amp;apos;, ip: &amp;apos;192.168.43.95&amp;apos;, os.name: &amp;apos;Windows 10&amp;apos;, os.arch: &amp;apos;amd64&amp;apos;, os.version: &amp;apos;10.0&amp;apos;, java.version: &amp;apos;17.0.1&amp;apos;
Driver info: driver.version: FirefoxDriver">
      <![CDATA[org.openqa.selenium.WebDriverException: Cannot find firefox binary in PATH. Make sure firefox is installed. OS appears to be: WIN10
Build info: version: '3.141.59', revision: 'e82be7d358', time: '2018-11-14T08:17:03'
System info: host: 'VARUN', ip: '192.168.43.95', os.name: 'Windows 10', os.arch: 'amd64', os.version: '10.0', java.version: '17.0.1'
Driver info: driver.version: FirefoxDriver
at org.openqa.selenium.firefox.FirefoxBinary.<init>(FirefoxBinary.java:100)
at java.base/java.util.Optional.orElseGet(Optional.java:364)
at org.openqa.selenium.firefox.FirefoxOptions.getBinary(FirefoxOptions.java:216)
at org.openqa.selenium.firefox.FirefoxDriver.toExecutor(FirefoxDriver.java:187)
at org.openqa.selenium.firefox.FirefoxDriver.<init>(FirefoxDriver.java:147)
at org.openqa.selenium.firefox.FirefoxDriver.<init>(FirefoxDriver.java:125)
at com.crm.GenericLibrary.BaseClass.launchTheBrowser(BaseClass.java:59)
at java.base/java.util.concurrent.FutureTask.run(FutureTask.java:264)
at java.base/java.util.concurrent.ThreadPoolExecutor.runWorker(ThreadPoolExecutor.java:1136)
at java.base/java.util.concurrent.ThreadPoolExecutor$Worker.run(ThreadPoolExecutor.java:635)
at java.base/java.lang.Thread.run(Thread.java:833)
... Removed 15 stack frames]]>
    </failure>
  </testcase> <!-- @BeforeTest launchTheBrowser -->
  <testcase classname="com.crm.GenericLibrary.BaseClass" name="@BeforeMethod login" time="-1.646306155168E9">
    <skipped/>
  </testcase> <!-- @BeforeMethod login -->
  <testcase classname="com.crm.GenericLibrary.BaseClass" name="@AfterMethod logout" time="-1.646306155187E9">
    <skipped/>
  </testcase> <!-- @AfterMethod logout -->
  <testcase classname="com.crm.GenericLibrary.BaseClass" name="@AfterTest closeBrowser" time="-1.646306155196E9">
    <skipped/>
  </testcase> <!-- @AfterTest closeBrowser -->
  <testcase classname="com.crm.TestNGOrganiastionTests.CraeteOrgWithIndType" name="craeteOrgWithIndType" time="0.0">
    <skipped/>
  </testcase> <!-- craeteOrgWithIndType -->
</testsuite> <!-- Test1 -->
